<?xml version="1.0" encoding="UTF-8"?>
<testsuite name="tests.SelenoidGithubTests" tests="1" skipped="0" failures="0" errors="0" timestamp="2024-09-12T09:53:38" hostname="DESKTOP-11JKOJK" time="11.994">
  <properties/>
  <testcase name="openAssertionPageCheckJUnitCodeIsDisplayed()" classname="tests.SelenoidGithubTests" time="11.994"/>
  <system-out><![CDATA[]]></system-out>
  <system-err><![CDATA[[Test worker] INFO com.codeborne.selenide.impl.WebDriverThreadLocalContainer - No webdriver is bound to current thread: 1 - let's create a new webdriver
[Test worker] INFO com.codeborne.selenide.impl.FileHelper - Creating folder: C:\QAGURU\qaguru-homework-4\build\downloads\1726134818709_9268_1
[Test worker] INFO com.codeborne.selenide.webdriver.WebDriverFactory - BrowserName=chrome Version=128.0.6613.121 Platform=windows
[Test worker] INFO com.codeborne.selenide.webdriver.WebDriverFactory - Selenide v. 7.4.3
[Test worker] INFO com.codeborne.selenide.webdriver.WebDriverFactory - Selenium WebDriver v. 4.24.0 build revision: 748ffc9bc3
[Test worker] INFO com.codeborne.selenide.drivercommands.CreateDriverCommand - Created webdriver in thread 1: ChromeDriver -> ChromeDriver: chrome on windows (c77aeaeb375acadaa6f87191cf42aa92), downloadsFolder: C:\QAGURU\qaguru-homework-4\build\downloads\1726134818709_9268_1
[Test worker] INFO com.codeborne.selenide.drivercommands.DisposablesRegistry - Register WebDriverInstance[config=StaticConfig, webDriver=ChromeDriver: chrome on windows (c77aeaeb375acadaa6f87191cf42aa92), proxy=null, downloadsFolder=C:\QAGURU\qaguru-homework-4\build\downloads\1726134818709_9268_1] in 1 [size=1]
[Test worker] INFO com.codeborne.selenide.drivercommands.DisposablesRegistry - Add shutdown hook in 1 [size=1]
]]></system-err>
</testsuite>
